<?xml version="1.0" encoding="UTF-8"?>
<!-- Generated by org.testng.reporters.JUnitXMLReporter -->
<testsuite hostname="Shashwat" ignored="1" name="Default test" tests="1" failures="0" timestamp="03 Oct 2018 12:19:29 GMT" time="11.757" errors="0">
  <testcase name="insertGoalDetailsinDB" time="6.478" classname="goalPlantestCases.GoalPlanJdbc"/>
  <testcase name="getGoalDetails" time="0.0" classname="goalPlantestCases.GoalPlanJdbc">
    <ignored/>
  </testcase> <!-- getGoalDetails -->
</testsuite> <!-- Default test -->
