<?xml version="1.0" encoding="UTF-8"?>
<!-- Generated by org.testng.reporters.JUnitXMLReporter -->
<testsuite hostname="Shashwat" ignored="5" name="Test" tests="1" failures="0" timestamp="25 Sep 2018 09:54:51 GMT" time="22.525" errors="0">
  <testcase name="addItemToCartAndVerify" time="17.162" classname="amazonTestCases.AddItemToCart"/>
  <testcase name="@BeforeSuite beforeSuite" time="0.0" classname="baseSetup.TestBase">
    <ignored/>
  </testcase> <!-- @BeforeSuite beforeSuite -->
  <testcase name="@AfterTest afterTest" time="0.0" classname="baseSetup.TestBase">
    <ignored/>
  </testcase> <!-- @AfterTest afterTest -->
  <testcase name="@AfterSuite afterSuite" time="0.0" classname="baseSetup.TestBase">
    <ignored/>
  </testcase> <!-- @AfterSuite afterSuite -->
  <testcase name="@BeforeTest beforeTest" time="0.0" classname="baseSetup.TestBase">
    <ignored/>
  </testcase> <!-- @BeforeTest beforeTest -->
  <testcase name="SignUpToYahoo" time="0.0" classname="yahooTestCases.SignUpTestCases">
    <ignored/>
  </testcase> <!-- SignUpToYahoo -->
</testsuite> <!-- Test -->
