<?xml version="1.0" encoding="UTF-8"?>
<!-- Generated by org.testng.reporters.JUnitXMLReporter -->
<testsuite hostname="Shashwat" ignored="4" name="Test" tests="1" failures="1" timestamp="24 Sep 2018 12:31:25 GMT" time="31.488" errors="0">
  <testcase name="addItemToCartAndVerify" time="23.858" classname="amazonTestCases.AddItemToCart">
    <failure type="java.lang.AssertionError" message="Page is not loaded.">
      <![CDATA[java.lang.AssertionError: Page is not loaded.
at pages.PageBase.waitForPageLoad(PageBase.java:26)
at pages.amazon.HomePage.<init>(HomePage.java:30)
at pages.amazon.HomePage.navigateToHomePage(HomePage.java:37)
at amazonTestCases.AddItemToCart.addItemToCartAndVerify(AddItemToCart.java:25)
at java.util.concurrent.ThreadPoolExecutor.runWorker(ThreadPoolExecutor.java:1149)
at java.util.concurrent.ThreadPoolExecutor$Worker.run(ThreadPoolExecutor.java:624)
at java.lang.Thread.run(Thread.java:748)
... Removed 11 stack frames]]>
    </failure>
  </testcase> <!-- addItemToCartAndVerify -->
  <testcase name="@BeforeSuite beforeSuite" time="0.0" classname="baseSetup.TestBase">
    <ignored/>
  </testcase> <!-- @BeforeSuite beforeSuite -->
  <testcase name="@AfterTest afterTest" time="0.0" classname="baseSetup.TestBase">
    <ignored/>
  </testcase> <!-- @AfterTest afterTest -->
  <testcase name="@AfterSuite afterSuite" time="0.0" classname="baseSetup.TestBase">
    <ignored/>
  </testcase> <!-- @AfterSuite afterSuite -->
  <testcase name="@BeforeTest beforeTest" time="0.0" classname="baseSetup.TestBase">
    <ignored/>
  </testcase> <!-- @BeforeTest beforeTest -->
</testsuite> <!-- Test -->
