<?xml version="1.0" encoding="UTF-8"?>
<testng-results skipped="0" failed="0" ignored="0" total="1" passed="1">
  <reporter-output>
  </reporter-output>
  <suite name="Suite" duration-ms="21804" started-at="2018-09-24T10:29:27Z" finished-at="2018-09-24T10:29:49Z">
    <groups>
      <group name="amazon">
        <method signature="AddItemToCart.addItemToCartAndVerify()[pri:0, instance:amazonTestCases.AddItemToCart@39ba5a14]" name="addItemToCartAndVerify" class="amazonTestCases.AddItemToCart"/>
      </group> <!-- amazon -->
      <group name="base">
        <method signature="AddItemToCart.addItemToCartAndVerify()[pri:0, instance:amazonTestCases.AddItemToCart@39ba5a14]" name="addItemToCartAndVerify" class="amazonTestCases.AddItemToCart"/>
      </group> <!-- base -->
    </groups>
    <test name="Test" duration-ms="21804" started-at="2018-09-24T10:29:27Z" finished-at="2018-09-24T10:29:49Z">
      <class name="amazonTestCases.AddItemToCart">
        <test-method status="PASS" signature="beforeSuite()[pri:0, instance:amazonTestCases.AddItemToCart@39ba5a14]" name="beforeSuite" is-config="true" duration-ms="200" started-at="2018-09-24T15:59:27Z" finished-at="2018-09-24T15:59:27Z">
          <reporter-output>
          </reporter-output>
        </test-method> <!-- beforeSuite -->
        <test-method status="PASS" signature="beforeTest()[pri:0, instance:amazonTestCases.AddItemToCart@39ba5a14]" name="beforeTest" is-config="true" duration-ms="1" started-at="2018-09-24T15:59:27Z" finished-at="2018-09-24T15:59:27Z">
          <reporter-output>
          </reporter-output>
        </test-method> <!-- beforeTest -->
        <test-method status="PASS" signature="beforeClass(java.lang.String)[pri:0, instance:amazonTestCases.AddItemToCart@39ba5a14]" name="beforeClass" is-config="true" duration-ms="6" started-at="2018-09-24T15:59:27Z" finished-at="2018-09-24T15:59:27Z">
          <params>
            <param index="0">
              <value>
                <![CDATA[chrome]]>
              </value>
            </param>
          </params>
          <reporter-output>
          </reporter-output>
        </test-method> <!-- beforeClass -->
        <test-method status="PASS" signature="beforeMethod(java.lang.reflect.Method)[pri:0, instance:amazonTestCases.AddItemToCart@39ba5a14]" name="beforeMethod" is-config="true" duration-ms="4867" started-at="2018-09-24T15:59:27Z" finished-at="2018-09-24T15:59:32Z">
          <params>
            <param index="0">
              <value>
                <![CDATA[public void amazonTestCases.AddItemToCart.addItemToCartAndVerify()]]>
              </value>
            </param>
          </params>
          <reporter-output>
          </reporter-output>
        </test-method> <!-- beforeMethod -->
        <test-method status="PASS" signature="addItemToCartAndVerify()[pri:0, instance:amazonTestCases.AddItemToCart@39ba5a14]" name="addItemToCartAndVerify" duration-ms="15749" started-at="2018-09-24T15:59:32Z" finished-at="2018-09-24T15:59:48Z">
          <reporter-output>
          </reporter-output>
        </test-method> <!-- addItemToCartAndVerify -->
        <test-method status="PASS" signature="afterMethod()[pri:0, instance:amazonTestCases.AddItemToCart@39ba5a14]" name="afterMethod" is-config="true" duration-ms="1163" started-at="2018-09-24T15:59:48Z" finished-at="2018-09-24T15:59:49Z">
          <reporter-output>
          </reporter-output>
        </test-method> <!-- afterMethod -->
        <test-method status="PASS" signature="afterClass()[pri:0, instance:amazonTestCases.AddItemToCart@39ba5a14]" name="afterClass" is-config="true" duration-ms="0" started-at="2018-09-24T15:59:49Z" finished-at="2018-09-24T15:59:49Z">
          <reporter-output>
          </reporter-output>
        </test-method> <!-- afterClass -->
        <test-method status="PASS" signature="afterTest()[pri:0, instance:amazonTestCases.AddItemToCart@39ba5a14]" name="afterTest" is-config="true" duration-ms="0" started-at="2018-09-24T15:59:49Z" finished-at="2018-09-24T15:59:49Z">
          <reporter-output>
          </reporter-output>
        </test-method> <!-- afterTest -->
        <test-method status="PASS" signature="afterSuite()[pri:0, instance:amazonTestCases.AddItemToCart@39ba5a14]" name="afterSuite" is-config="true" duration-ms="0" started-at="2018-09-24T15:59:49Z" finished-at="2018-09-24T15:59:49Z">
          <reporter-output>
          </reporter-output>
        </test-method> <!-- afterSuite -->
      </class> <!-- amazonTestCases.AddItemToCart -->
    </test> <!-- Test -->
  </suite> <!-- Suite -->
</testng-results>
