<?xml version="1.0" encoding="UTF-8"?>
<testng-results skipped="0" failed="0" ignored="5" total="6" passed="1">
  <reporter-output>
  </reporter-output>
  <suite name="Suite" duration-ms="22525" started-at="2018-09-25T09:54:28Z" finished-at="2018-09-25T09:54:51Z">
    <groups>
    </groups>
    <test name="Test" duration-ms="22525" started-at="2018-09-25T09:54:28Z" finished-at="2018-09-25T09:54:51Z">
      <class name="yahooTestCases.SignUpTestCases">
        <test-method status="PASS" signature="beforeSuite()[pri:0, instance:yahooTestCases.SignUpTestCases@57baeedf]" name="beforeSuite" is-config="true" duration-ms="249" started-at="2018-09-25T09:54:28Z" finished-at="2018-09-25T09:54:28Z">
          <reporter-output>
          </reporter-output>
        </test-method> <!-- beforeSuite -->
        <test-method status="PASS" signature="beforeTest()[pri:0, instance:yahooTestCases.SignUpTestCases@57baeedf]" name="beforeTest" is-config="true" duration-ms="1" started-at="2018-09-25T09:54:28Z" finished-at="2018-09-25T09:54:28Z">
          <reporter-output>
          </reporter-output>
        </test-method> <!-- beforeTest -->
        <test-method status="PASS" signature="afterTest()[pri:0, instance:yahooTestCases.SignUpTestCases@57baeedf]" name="afterTest" is-config="true" duration-ms="0" started-at="2018-09-25T09:54:51Z" finished-at="2018-09-25T09:54:51Z">
          <reporter-output>
          </reporter-output>
        </test-method> <!-- afterTest -->
        <test-method status="PASS" signature="afterSuite()[pri:0, instance:yahooTestCases.SignUpTestCases@57baeedf]" name="afterSuite" is-config="true" duration-ms="0" started-at="2018-09-25T09:54:51Z" finished-at="2018-09-25T09:54:51Z">
          <reporter-output>
          </reporter-output>
        </test-method> <!-- afterSuite -->
      </class> <!-- yahooTestCases.SignUpTestCases -->
      <class name="amazonTestCases.AddItemToCart">
        <test-method status="PASS" signature="beforeClass(java.lang.String)[pri:0, instance:amazonTestCases.AddItemToCart@343f4d3d]" name="beforeClass" is-config="true" duration-ms="10" started-at="2018-09-25T09:54:28Z" finished-at="2018-09-25T09:54:28Z">
          <params>
            <param index="0">
              <value>
                <![CDATA[chrome]]>
              </value>
            </param>
          </params>
          <reporter-output>
          </reporter-output>
        </test-method> <!-- beforeClass -->
        <test-method status="PASS" signature="beforeMethod(java.lang.reflect.Method)[pri:0, instance:amazonTestCases.AddItemToCart@343f4d3d]" name="beforeMethod" is-config="true" duration-ms="4141" started-at="2018-09-25T09:54:28Z" finished-at="2018-09-25T09:54:33Z">
          <params>
            <param index="0">
              <value>
                <![CDATA[public void amazonTestCases.AddItemToCart.addItemToCartAndVerify()]]>
              </value>
            </param>
          </params>
          <reporter-output>
          </reporter-output>
        </test-method> <!-- beforeMethod -->
        <test-method status="PASS" signature="addItemToCartAndVerify()[pri:0, instance:amazonTestCases.AddItemToCart@343f4d3d]" name="addItemToCartAndVerify" duration-ms="17162" started-at="2018-09-25T09:54:33Z" finished-at="2018-09-25T09:54:50Z">
          <reporter-output>
          </reporter-output>
        </test-method> <!-- addItemToCartAndVerify -->
        <test-method status="PASS" signature="afterMethod()[pri:0, instance:amazonTestCases.AddItemToCart@343f4d3d]" name="afterMethod" is-config="true" duration-ms="1180" started-at="2018-09-25T09:54:50Z" finished-at="2018-09-25T09:54:51Z">
          <reporter-output>
          </reporter-output>
        </test-method> <!-- afterMethod -->
        <test-method status="PASS" signature="afterClass()[pri:0, instance:amazonTestCases.AddItemToCart@343f4d3d]" name="afterClass" is-config="true" duration-ms="0" started-at="2018-09-25T09:54:51Z" finished-at="2018-09-25T09:54:51Z">
          <reporter-output>
          </reporter-output>
        </test-method> <!-- afterClass -->
      </class> <!-- amazonTestCases.AddItemToCart -->
    </test> <!-- Test -->
  </suite> <!-- Suite -->
</testng-results>
